
> students@0.0.0 dev
> vite

Port 5000 is in use, trying another one...

  VITE v6.4.1  ready in 223 ms

  ➜  Local:   http://localhost:5001/
  ➜  Network: http://192.168.0.2:5001/
6:32:26 PM [vite] (client) hmr update /components/StudentDashboard.tsx
4:02:30 AM [vite] (client) hmr update /App.tsx
4:02:36 AM [vite] (client) hmr update /App.tsx
4:03:24 AM [vite] (client) hmr update /components/StudentDashboard.tsx
4:04:16 AM [vite] (client) hmr update /components/AdminDashboard.tsx
4:38:19 AM [vite] (client) hmr update /components/AdminDashboard.tsx
6:16:05 AM [vite] (client) hmr update /components/AdminDashboard.tsx
6:17:00 AM [vite] (client) hmr update /components/AdminDashboard.tsx
6:17:06 AM [vite] (client) hmr update /components/AdminDashboard.tsx
6:17:14 AM [vite] (client) hmr update /components/AdminDashboard.tsx
6:17:35 AM [vite] (client) hmr update /components/AdminDashboard.tsx
6:19:47 AM [vite] (client) hmr update /App.tsx
6:19:52 AM [vite] (client) hmr update /App.tsx
6:20:02 AM [vite] (client) hmr update /App.tsx
6:26:41 AM [vite] (client) hmr update /App.tsx
6:26:53 AM [vite] (client) hmr update /App.tsx
6:27:01 AM [vite] (client) hmr update /App.tsx
6:27:17 AM [vite] (client) hmr update /App.tsx
6:27:28 AM [vite] (client) hmr update /App.tsx
6:30:13 AM [vite] (client) hmr update /components/StudentDashboard.tsx
6:30:27 AM [vite] (client) hmr update /components/StudentDashboard.tsx
6:31:03 AM [vite] (client) hmr update /components/StudentDashboard.tsx
6:31:15 AM [vite] (client) hmr update /components/StudentDashboard.tsx
6:34:35 AM [vite] (client) hmr update /components/AdminDashboard.tsx
8:12:13 AM [vite] (client) page reload index.tsx
10:34:54 AM [vite] (client) hmr update /App.tsx
10:35:08 AM [vite] (client) hmr update /App.tsx
10:35:26 AM [vite] (client) hmr update /components/StudentDashboard.tsx
11:03:51 AM [vite] (client) hmr update /components/StartupAd.tsx
11:56:49 AM [vite] (client) hmr update /components/StudentDashboard.tsx
11:57:06 AM [vite] (client) hmr update /App.tsx
12:51:46 PM [vite] (client) hmr update /App.tsx
12:51:57 PM [vite] (client) hmr update /App.tsx
12:52:03 PM [vite] (client) hmr update /App.tsx
12:52:59 PM [vite] (client) hmr update /components/StudentDashboard.tsx
12:53:12 PM [vite] (client) hmr update /components/StudentDashboard.tsx
